Using pre-set license
Built from '2020.3/staging' branch; Version is '2020.3.25f1 (9b9180224418) revision 10195328'; Using compiler version '192528614'; Build Type 'Release'
OS: 'Windows 10  (10.0.19043) 64bit Professional' Language: 'zh' Physical Memory: 16217 MB
BatchMode: 1, IsHumanControllingUs: 0, StartBugReporterOnCrash: 0, Is64bit: 1, IsPro: 0

COMMAND LINE ARGUMENTS:
C:\Program Files\Unity\Hub\Editor\2020.3.25f1\Editor\Unity.exe
-adb2
-batchMode
-noUpm
-name
AssetImportWorker0
-projectPath
C:/014/Unity_WebGame_20220222/014
-logFile
Logs/AssetImportWorker0.log
-srvPort
1853
Successfully changed project path to: C:/014/Unity_WebGame_20220222/014
C:/014/Unity_WebGame_20220222/014
Using Asset Import Pipeline V2.
Refreshing native plugins compatible for Editor in 39.52 ms, found 3 plugins.
Preloading 0 native plugins for Editor in 0.00 ms.
Initialize engine version: 2020.3.25f1 (9b9180224418)
[Subsystems] Discovering subsystems at path C:/Program Files/Unity/Hub/Editor/2020.3.25f1/Editor/Data/Resources/UnitySubsystems
[Subsystems] Discovering subsystems at path C:/014/Unity_WebGame_20220222/014/Assets
GfxDevice: creating device client; threaded=0
Direct3D:
    Version:  Direct3D 11.0 [level 11.1]
    Renderer: NVIDIA GeForce GTX 1650 SUPER (ID=0x2187)
    Vendor:   
    VRAM:     3955 MB
    Driver:   27.21.14.5671
Initialize mono
Mono path[0] = 'C:/Program Files/Unity/Hub/Editor/2020.3.25f1/Editor/Data/Managed'
Mono path[1] = 'C:/Program Files/Unity/Hub/Editor/2020.3.25f1/Editor/Data/MonoBleedingEdge/lib/mono/unityjit'
Mono config path = 'C:/Program Files/Unity/Hub/Editor/2020.3.25f1/Editor/Data/MonoBleedingEdge/etc'
Using monoOptions --debugger-agent=transport=dt_socket,embedding=1,server=y,suspend=n,address=127.0.0.1:56100
Begin MonoManager ReloadAssembly
Registering precompiled unity dll's ...
Register platform support module: C:/Program Files/Unity/Hub/Editor/2020.3.25f1/Editor/Data/PlaybackEngines/WebGLSupport/UnityEditor.WebGL.Extensions.dll
Register platform support module: C:/Program Files/Unity/Hub/Editor/2020.3.25f1/Editor/Data/PlaybackEngines/WindowsStandaloneSupport/UnityEditor.WindowsStandalone.Extensions.dll
Registered in 0.003968 seconds.
Native extension for WindowsStandalone target not found
Native extension for WebGL target not found
Refreshing native plugins compatible for Editor in 37.62 ms, found 3 plugins.
Preloading 0 native plugins for Editor in 0.00 ms.
Mono: successfully reloaded assembly
- Completed reload, in  0.501 seconds
Domain Reload Profiling:
	ReloadAssembly (501ms)
		BeginReloadAssembly (60ms)
			ExecutionOrderSort (0ms)
			DisableScriptedObjects (0ms)
			BackupInstance (0ms)
			ReleaseScriptingObjects (0ms)
			CreateAndSetChildDomain (1ms)
		EndReloadAssembly (372ms)
			LoadAssemblies (57ms)
			RebuildTransferFunctionScriptingTraits (0ms)
			SetupTypeCache (119ms)
			ReleaseScriptCaches (0ms)
			RebuildScriptCaches (26ms)
			SetupLoadedEditorAssemblies (137ms)
				LogAssemblyErrors (0ms)
				InitializePlatformSupportModulesInManaged (5ms)
				SetLoadedEditorAssemblies (0ms)
				RefreshPlugins (38ms)
				BeforeProcessingInitializeOnLoad (6ms)
				ProcessInitializeOnLoadAttributes (65ms)
				ProcessInitializeOnLoadMethodAttributes (22ms)
				AfterProcessingInitializeOnLoad (0ms)
				EditorAssembliesLoaded (0ms)
			ExecutionOrderSort2 (0ms)
			AwakeInstancesAfterBackupRestoration (0ms)
Platform modules already initialized, skipping
Registering precompiled user dll's ...
Registered in 0.006708 seconds.
Begin MonoManager ReloadAssembly
Native extension for WindowsStandalone target not found
Native extension for WebGL target not found
Refreshing native plugins compatible for Editor in 35.15 ms, found 3 plugins.
Preloading 0 native plugins for Editor in 0.00 ms.
Mono: successfully reloaded assembly
- Completed reload, in  0.954 seconds
Domain Reload Profiling:
	ReloadAssembly (955ms)
		BeginReloadAssembly (134ms)
			ExecutionOrderSort (0ms)
			DisableScriptedObjects (4ms)
			BackupInstance (0ms)
			ReleaseScriptingObjects (0ms)
			CreateAndSetChildDomain (14ms)
		EndReloadAssembly (759ms)
			LoadAssemblies (97ms)
			RebuildTransferFunctionScriptingTraits (0ms)
			SetupTypeCache (242ms)
			ReleaseScriptCaches (0ms)
			RebuildScriptCaches (38ms)
			SetupLoadedEditorAssemblies (289ms)
				LogAssemblyErrors (0ms)
				InitializePlatformSupportModulesInManaged (4ms)
				SetLoadedEditorAssemblies (0ms)
				RefreshPlugins (35ms)
				BeforeProcessingInitializeOnLoad (72ms)
				ProcessInitializeOnLoadAttributes (153ms)
				ProcessInitializeOnLoadMethodAttributes (13ms)
				AfterProcessingInitializeOnLoad (12ms)
				EditorAssembliesLoaded (0ms)
			ExecutionOrderSort2 (0ms)
			AwakeInstancesAfterBackupRestoration (5ms)
Platform modules already initialized, skipping
========================================================================
Worker process is ready to serve import requests
Launched and connected shader compiler UnityShaderCompiler.exe after 0.03 seconds
Refreshing native plugins compatible for Editor in 0.43 ms, found 3 plugins.
Preloading 0 native plugins for Editor in 0.00 ms.
Unloading 2194 Unused Serialized files (Serialized files now loaded: 0)
System memory in use before: 95.8 MB.
System memory in use after: 95.9 MB.

Unloading 28 unused Assets to reduce memory usage. Loaded Objects now: 2627.
Total: 2.305500 ms (FindLiveObjects: 0.126900 ms CreateObjectMapping: 0.058900 ms MarkObjects: 2.074000 ms  DeleteObjects: 0.045100 ms)

AssetImportParameters requested are different than current active one (requested -> active):
  custom:framework-win-MediaFoundation: 216162199b28c13a410421893ffa2e32 -> 
  custom:video-decoder-ogg-theora: a1e56fd34408186e4bbccfd4996cb3dc -> 
  custom:container-muxer-webm: aa71ff27fc2769a1b78a27578f13a17b -> 
  custom:container-demuxer-webm: 4f35f7cbe854078d1ac9338744f61a02 -> 
  custom:container-demuxer-ogg: 62fdf1f143b41e24485cea50d1cbac27 -> 
  custom:video-encoder-webm-vp8: eb34c28f22e8b96e1ab97ce403110664 -> 
  custom:video-decoder-webm-vp8: 9c59270c3fd7afecdb556c50c9e8de78 -> 
  custom:audio-decoder-ogg-vorbis: bf7c407c2cedff20999df2af8eb42d56 -> 
  custom:audio-encoder-webm-vorbis: bf7c407c2cedff20999df2af8eb42d56 -> 
========================================================================
Received Import Request.
  path: Assets/圖片/First Asset pack .png
  artifactKey: Guid(2f4095b0a72a5464a89bf366d92e7fda) Importer(815301076,1909f56bfc062723c751e8b465ee728b)
Start importing Assets/圖片/First Asset pack .png using Guid(2f4095b0a72a5464a89bf366d92e7fda) Importer(815301076,1909f56bfc062723c751e8b465ee728b)  -> (artifact id: 'd4290683e2f330840315d84c3043a36e') in 0.754119 seconds 
  Import took 0.758201 seconds .

========================================================================
Received Import Request.
  Time since last request: 0.000219 seconds.
  path: Assets/圖片
  artifactKey: Guid(e56c5e7f9ebcac2448f0f7a26bedd951) Importer(815301076,1909f56bfc062723c751e8b465ee728b)
Start importing Assets/圖片 using Guid(e56c5e7f9ebcac2448f0f7a26bedd951) Importer(815301076,1909f56bfc062723c751e8b465ee728b)  -> (artifact id: '057ecb715b4c9177d0b4b163af4da310') in 0.001469 seconds 
  Import took 0.003752 seconds .

========================================================================
Received Import Request.
  Time since last request: 2613.483616 seconds.
  path: Assets/圖片/First Asset pack .png
  artifactKey: Guid(2f4095b0a72a5464a89bf366d92e7fda) Importer(815301076,1909f56bfc062723c751e8b465ee728b)
Start importing Assets/圖片/First Asset pack .png using Guid(2f4095b0a72a5464a89bf366d92e7fda) Importer(815301076,1909f56bfc062723c751e8b465ee728b)  -> (artifact id: '2bba1eec4bda564cb699b2597d7a0996') in 0.777506 seconds 
  Import took 0.781819 seconds .

========================================================================
Received Import Request.
  Time since last request: 3577.807404 seconds.
  path: Assets/圖片/方-圖片.png
  artifactKey: Guid(671307ba6bec8ec4c899a8771dd3bac3) Importer(815301076,1909f56bfc062723c751e8b465ee728b)
Start importing Assets/圖片/方-圖片.png using Guid(671307ba6bec8ec4c899a8771dd3bac3) Importer(815301076,1909f56bfc062723c751e8b465ee728b)  -> (artifact id: 'b1f1eef894917dd696b53eb11e4442e4') in 0.014580 seconds 
  Import took 0.017838 seconds .

========================================================================
Received Import Request.
  Time since last request: 846.697631 seconds.
  path: Assets/Pixeled.ttf
  artifactKey: Guid(ade06f80c33d8354f8f20d69c1174542) Importer(815301076,1909f56bfc062723c751e8b465ee728b)
Start importing Assets/Pixeled.ttf using Guid(ade06f80c33d8354f8f20d69c1174542) Importer(815301076,1909f56bfc062723c751e8b465ee728b)  -> (artifact id: '79d2564d36446e10e349693b4eaa8bc9') in 0.038849 seconds 
  Import took 0.042194 seconds .

========================================================================
Received Import Request.
  Time since last request: 202.839717 seconds.
  path: Assets/Pixellari.ttf
  artifactKey: Guid(5745796e46afbdd4f9855c4a9bee4eb1) Importer(815301076,1909f56bfc062723c751e8b465ee728b)
Start importing Assets/Pixellari.ttf using Guid(5745796e46afbdd4f9855c4a9bee4eb1) Importer(815301076,1909f56bfc062723c751e8b465ee728b)  -> (artifact id: '03dd6fd5bfd6306bbb46cc834d56c283') in 0.015072 seconds 
  Import took 0.018322 seconds .

========================================================================
Received Import Request.
  Time since last request: 15.603570 seconds.
  path: Assets
  artifactKey: Guid(00000000000000001000000000000000) Importer(815301076,1909f56bfc062723c751e8b465ee728b)
Start importing Assets using Guid(00000000000000001000000000000000) Importer(815301076,1909f56bfc062723c751e8b465ee728b)  -> (artifact id: '42d402b061de3733987d63b9cc3b64de') in 0.001670 seconds 
  Import took 0.005147 seconds .

========================================================================
Received Import Request.
  Time since last request: 7.645568 seconds.
  path: Assets/字
  artifactKey: Guid(27846856e9bec9c41b1fdbd0d0031d7c) Importer(815301076,1909f56bfc062723c751e8b465ee728b)
Start importing Assets/字 using Guid(27846856e9bec9c41b1fdbd0d0031d7c) Importer(815301076,1909f56bfc062723c751e8b465ee728b)  -> (artifact id: 'a9edf3af8029aa4e71837b1df69d99d6') in 0.002055 seconds 
  Import took 0.004957 seconds .

AssetImportWorkerClient::OnTransportError - code=2 error=End of file
