Using pre-set license
Built from '2020.3/staging' branch; Version is '2020.3.25f1 (9b9180224418) revision 10195328'; Using compiler version '192528614'; Build Type 'Release'
OS: 'Windows 10  (10.0.19043) 64bit Professional' Language: 'zh' Physical Memory: 16217 MB
BatchMode: 1, IsHumanControllingUs: 0, StartBugReporterOnCrash: 0, Is64bit: 1, IsPro: 0

COMMAND LINE ARGUMENTS:
C:\Program Files\Unity\Hub\Editor\2020.3.25f1\Editor\Unity.exe
-adb2
-batchMode
-noUpm
-name
AssetImportWorker0
-projectPath
C:/Users/user/Desktop/014/Unity_WebGame_20220222/014
-logFile
Logs/AssetImportWorker0.log
-srvPort
3080
Successfully changed project path to: C:/Users/user/Desktop/014/Unity_WebGame_20220222/014
C:/Users/user/Desktop/014/Unity_WebGame_20220222/014
Using Asset Import Pipeline V2.
Refreshing native plugins compatible for Editor in 38.42 ms, found 3 plugins.
Preloading 0 native plugins for Editor in 0.00 ms.
Initialize engine version: 2020.3.25f1 (9b9180224418)
[Subsystems] Discovering subsystems at path C:/Program Files/Unity/Hub/Editor/2020.3.25f1/Editor/Data/Resources/UnitySubsystems
[Subsystems] Discovering subsystems at path C:/Users/user/Desktop/014/Unity_WebGame_20220222/014/Assets
GfxDevice: creating device client; threaded=0
Direct3D:
    Version:  Direct3D 11.0 [level 11.1]
    Renderer: NVIDIA GeForce GTX 1650 SUPER (ID=0x2187)
    Vendor:   
    VRAM:     3955 MB
    Driver:   27.21.14.5671
Initialize mono
Mono path[0] = 'C:/Program Files/Unity/Hub/Editor/2020.3.25f1/Editor/Data/Managed'
Mono path[1] = 'C:/Program Files/Unity/Hub/Editor/2020.3.25f1/Editor/Data/MonoBleedingEdge/lib/mono/unityjit'
Mono config path = 'C:/Program Files/Unity/Hub/Editor/2020.3.25f1/Editor/Data/MonoBleedingEdge/etc'
Using monoOptions --debugger-agent=transport=dt_socket,embedding=1,server=y,suspend=n,address=127.0.0.1:56264
Begin MonoManager ReloadAssembly
Registering precompiled unity dll's ...
Register platform support module: C:/Program Files/Unity/Hub/Editor/2020.3.25f1/Editor/Data/PlaybackEngines/WebGLSupport/UnityEditor.WebGL.Extensions.dll
Register platform support module: C:/Program Files/Unity/Hub/Editor/2020.3.25f1/Editor/Data/PlaybackEngines/WindowsStandaloneSupport/UnityEditor.WindowsStandalone.Extensions.dll
Registered in 0.004027 seconds.
Native extension for WindowsStandalone target not found
Native extension for WebGL target not found
Refreshing native plugins compatible for Editor in 35.72 ms, found 3 plugins.
Preloading 0 native plugins for Editor in 0.00 ms.
Mono: successfully reloaded assembly
- Completed reload, in  0.514 seconds
Domain Reload Profiling:
	ReloadAssembly (514ms)
		BeginReloadAssembly (65ms)
			ExecutionOrderSort (0ms)
			DisableScriptedObjects (0ms)
			BackupInstance (0ms)
			ReleaseScriptingObjects (0ms)
			CreateAndSetChildDomain (1ms)
		EndReloadAssembly (378ms)
			LoadAssemblies (61ms)
			RebuildTransferFunctionScriptingTraits (0ms)
			SetupTypeCache (122ms)
			ReleaseScriptCaches (0ms)
			RebuildScriptCaches (25ms)
			SetupLoadedEditorAssemblies (138ms)
				LogAssemblyErrors (0ms)
				InitializePlatformSupportModulesInManaged (5ms)
				SetLoadedEditorAssemblies (0ms)
				RefreshPlugins (36ms)
				BeforeProcessingInitializeOnLoad (7ms)
				ProcessInitializeOnLoadAttributes (68ms)
				ProcessInitializeOnLoadMethodAttributes (23ms)
				AfterProcessingInitializeOnLoad (0ms)
				EditorAssembliesLoaded (0ms)
			ExecutionOrderSort2 (0ms)
			AwakeInstancesAfterBackupRestoration (0ms)
Platform modules already initialized, skipping
Registering precompiled user dll's ...
Registered in 0.005801 seconds.
Begin MonoManager ReloadAssembly
Native extension for WindowsStandalone target not found
Native extension for WebGL target not found
Refreshing native plugins compatible for Editor in 35.03 ms, found 3 plugins.
Preloading 0 native plugins for Editor in 0.00 ms.
Mono: successfully reloaded assembly
- Completed reload, in  0.976 seconds
Domain Reload Profiling:
	ReloadAssembly (977ms)
		BeginReloadAssembly (131ms)
			ExecutionOrderSort (0ms)
			DisableScriptedObjects (4ms)
			BackupInstance (0ms)
			ReleaseScriptingObjects (0ms)
			CreateAndSetChildDomain (14ms)
		EndReloadAssembly (785ms)
			LoadAssemblies (98ms)
			RebuildTransferFunctionScriptingTraits (0ms)
			SetupTypeCache (250ms)
			ReleaseScriptCaches (0ms)
			RebuildScriptCaches (38ms)
			SetupLoadedEditorAssemblies (301ms)
				LogAssemblyErrors (0ms)
				InitializePlatformSupportModulesInManaged (4ms)
				SetLoadedEditorAssemblies (0ms)
				RefreshPlugins (35ms)
				BeforeProcessingInitializeOnLoad (78ms)
				ProcessInitializeOnLoadAttributes (158ms)
				ProcessInitializeOnLoadMethodAttributes (14ms)
				AfterProcessingInitializeOnLoad (12ms)
				EditorAssembliesLoaded (0ms)
			ExecutionOrderSort2 (0ms)
			AwakeInstancesAfterBackupRestoration (5ms)
Platform modules already initialized, skipping
========================================================================
Worker process is ready to serve import requests
Launched and connected shader compiler UnityShaderCompiler.exe after 0.03 seconds
Refreshing native plugins compatible for Editor in 0.42 ms, found 3 plugins.
Preloading 0 native plugins for Editor in 0.00 ms.
Unloading 2194 Unused Serialized files (Serialized files now loaded: 0)
System memory in use before: 95.8 MB.
System memory in use after: 95.9 MB.

Unloading 28 unused Assets to reduce memory usage. Loaded Objects now: 2627.
Total: 2.489500 ms (FindLiveObjects: 0.132500 ms CreateObjectMapping: 0.063800 ms MarkObjects: 2.245800 ms  DeleteObjects: 0.046600 ms)

AssetImportParameters requested are different than current active one (requested -> active):
  custom:framework-win-MediaFoundation: 216162199b28c13a410421893ffa2e32 -> 
  custom:video-decoder-ogg-theora: a1e56fd34408186e4bbccfd4996cb3dc -> 
  custom:container-muxer-webm: aa71ff27fc2769a1b78a27578f13a17b -> 
  custom:container-demuxer-webm: 4f35f7cbe854078d1ac9338744f61a02 -> 
  custom:container-demuxer-ogg: 62fdf1f143b41e24485cea50d1cbac27 -> 
  custom:video-encoder-webm-vp8: eb34c28f22e8b96e1ab97ce403110664 -> 
  custom:video-decoder-webm-vp8: 9c59270c3fd7afecdb556c50c9e8de78 -> 
  custom:audio-decoder-ogg-vorbis: bf7c407c2cedff20999df2af8eb42d56 -> 
  custom:audio-encoder-webm-vorbis: bf7c407c2cedff20999df2af8eb42d56 -> 
========================================================================
Received Import Request.
  path: Assets/圖片
  artifactKey: Guid(e56c5e7f9ebcac2448f0f7a26bedd951) Importer(815301076,1909f56bfc062723c751e8b465ee728b)
Start importing Assets/圖片 using Guid(e56c5e7f9ebcac2448f0f7a26bedd951) Importer(815301076,1909f56bfc062723c751e8b465ee728b)  -> (artifact id: 'c01ce538b20fd19fe6f221f12ae9cfb8') in 0.003521 seconds 
  Import took 0.005750 seconds .

========================================================================
Received Import Request.
  Time since last request: 7.262478 seconds.
  path: Assets/圖片/First Asset pack .png
  artifactKey: Guid(2f4095b0a72a5464a89bf366d92e7fda) Importer(815301076,1909f56bfc062723c751e8b465ee728b)
Start importing Assets/圖片/First Asset pack .png using Guid(2f4095b0a72a5464a89bf366d92e7fda) Importer(815301076,1909f56bfc062723c751e8b465ee728b)  -> (artifact id: 'bfd5e2b52e09c9f2387cec034d587788') in 0.073287 seconds 
  Import took 0.076181 seconds .

========================================================================
Received Import Request.
  Time since last request: 15.895388 seconds.
  path: Assets/圖片/First Asset pack .png
  artifactKey: Guid(2f4095b0a72a5464a89bf366d92e7fda) Importer(815301076,1909f56bfc062723c751e8b465ee728b)
Start importing Assets/圖片/First Asset pack .png using Guid(2f4095b0a72a5464a89bf366d92e7fda) Importer(815301076,1909f56bfc062723c751e8b465ee728b)  -> (artifact id: '5956251afb33cb92a07d922081a798dc') in 0.008807 seconds 
  Import took 0.011676 seconds .

========================================================================
Received Import Request.
  Time since last request: 8.709680 seconds.
  path: Assets/圖片/First Asset pack .png
  artifactKey: Guid(2f4095b0a72a5464a89bf366d92e7fda) Importer(815301076,1909f56bfc062723c751e8b465ee728b)
Start importing Assets/圖片/First Asset pack .png using Guid(2f4095b0a72a5464a89bf366d92e7fda) Importer(815301076,1909f56bfc062723c751e8b465ee728b)  -> (artifact id: '7bed4be1bd257300bbe2cc0b21f52ce1') in 0.017335 seconds 
  Import took 0.020036 seconds .

========================================================================
Received Import Request.
  Time since last request: 101.460345 seconds.
  path: Assets/圖片/First Asset pack .png
  artifactKey: Guid(2f4095b0a72a5464a89bf366d92e7fda) Importer(815301076,1909f56bfc062723c751e8b465ee728b)
Start importing Assets/圖片/First Asset pack .png using Guid(2f4095b0a72a5464a89bf366d92e7fda) Importer(815301076,1909f56bfc062723c751e8b465ee728b)  -> (artifact id: 'e0ef2ed9d59ec02e61751efc2638393b') in 0.006316 seconds 
  Import took 0.009018 seconds .

========================================================================
Received Import Request.
  Time since last request: 14.683556 seconds.
  path: Assets/圖片/First Asset pack .png
  artifactKey: Guid(2f4095b0a72a5464a89bf366d92e7fda) Importer(815301076,1909f56bfc062723c751e8b465ee728b)
Start importing Assets/圖片/First Asset pack .png using Guid(2f4095b0a72a5464a89bf366d92e7fda) Importer(815301076,1909f56bfc062723c751e8b465ee728b)  -> (artifact id: 'f1510ddbeb487ddd3cb2666e63ae67ce') in 0.096356 seconds 
  Import took 0.099105 seconds .

========================================================================
Received Import Request.
  Time since last request: 163.497218 seconds.
  path: Assets/圖片/First Asset pack .png
  artifactKey: Guid(2f4095b0a72a5464a89bf366d92e7fda) Importer(815301076,1909f56bfc062723c751e8b465ee728b)
Start importing Assets/圖片/First Asset pack .png using Guid(2f4095b0a72a5464a89bf366d92e7fda) Importer(815301076,1909f56bfc062723c751e8b465ee728b)  -> (artifact id: '38e999337ca8903ac63b6a7dc6ecdcfa') in 0.080645 seconds 
  Import took 0.083524 seconds .

========================================================================
Received Import Request.
  Time since last request: 165.959451 seconds.
  path: Assets/圖片/First Asset pack .png
  artifactKey: Guid(2f4095b0a72a5464a89bf366d92e7fda) Importer(815301076,1909f56bfc062723c751e8b465ee728b)
Start importing Assets/圖片/First Asset pack .png using Guid(2f4095b0a72a5464a89bf366d92e7fda) Importer(815301076,1909f56bfc062723c751e8b465ee728b)  -> (artifact id: '4976428807ba067eaa2a7a67512464a3') in 0.874027 seconds 
  Import took 0.878984 seconds .

AssetImportWorkerClient::OnTransportError - code=2 error=End of file
